#
# A fatal error has been detected by the Java Runtime Environment:
#
#  EXCEPTION_ACCESS_VIOLATION (0xc0000005) at pc=0x000000006e6e8c92, pid=8456, tid=7260
#
# JRE version: 7.0_25-b17
# Java VM: Java HotSpot(TM) 64-Bit Server VM (23.25-b01 mixed mode windows-amd64 compressed oops)
# Problematic frame:
# V  [jvm.dll+0x3f8c92]
#
# Failed to write core dump. Minidumps are not enabled by default on client versions of Windows
#
# If you would like to submit a bug report, please visit:
#   http://bugreport.sun.com/bugreport/crash.jsp
#

---------------  T H R E A D  ---------------

Current thread (0x000000000bb7c800):  JavaThread "C2 CompilerThread1" daemon [_thread_in_native, id=7260, stack(0x000000000d080000,0x000000000d180000)]

siginfo: ExceptionCode=0xc0000005, reading address 0xffffffffffffffff

Registers:
RAX=0x0000000000000001, RBX=0x0000000000000001, RCX=0x0000cd000e12e3b0, RDX=0x000000000000001e
RSP=0x000000000d17c880, RBP=0x000000000e12e3a0, RSI=0x0000000000000000, RDI=0x0000000000000001
R8 =0x000000000000000f, R9 =0x0000000000000000, R10=0x000000006e995db0, R11=0x000000006e2f0000
R12=0x000000000d6c0000, R13=0x000000000e4b1230, R14=0x00000000000091a0, R15=0x0000000000000001
RIP=0x000000006e6e8c92, EFLAGS=0x0000000000010246

Top of Stack: (sp=0x000000000d17c880)
0x000000000d17c880:   000000000d6c19b0 000000000d6c19b0
0x000000000d17c890:   000000000e12e3a0 0000000000000000
0x000000000d17c8a0:   000000000e4b1230 0000000000000000
0x000000000d17c8b0:   000000020000000f 0000000000000001
0x000000000d17c8c0:   000000000de98ec0 0000000000000001
0x000000000d17c8d0:   000000000d6c19c0 0000000000000003
0x000000000d17c8e0:   000000000d6c19b0 000000006e75492e
0x000000000d17c8f0:   000000000d65c3a0 0000000000000001
0x000000000d17c900:   0000000000000000 0000000000000001
0x000000000d17c910:   0000000000000008 000000000e285010
0x000000000d17c920:   000000000d17ca70 000000006e6e94ce
0x000000000d17c930:   000000000d17ca70 000000000d65c3a0
0x000000000d17c940:   000000000d6c19b0 000000000d17c978
0x000000000d17c950:   0000000000000550 000000000bb67590
0x000000000d17c960:   000000000df5bcd0 000000000df5c7c0
0x000000000d17c970:   000000000df63cb8 000000006e84daf8 

Instructions: (pc=0x000000006e6e8c92)
0x000000006e6e8c72:   d1 fe ff 4c 8d 15 34 d1 2a 00 8b d8 85 db 0f 84
0x000000006e6e8c82:   9c 00 00 00 48 8b 4d 08 8b f3 8b fb 48 c1 ee 08
0x000000006e6e8c92:   4c 8b 04 f1 4d 3b c2 75 14 8b d3 48 8b cd e8 7b
0x000000006e6e8ca2:   cd fe ff 4c 8d 15 04 d1 2a 00 4c 8b c0 8b d3 8b 


Register to memory mapping:

RAX=0x0000000000000001 is an unknown value
RBX=0x0000000000000001 is an unknown value
RCX=0x0000cd000e12e3b0 is an unknown value
RDX=0x000000000000001e is an unknown value
RSP=0x000000000d17c880 is pointing into the stack for thread: 0x000000000bb7c800
RBP=0x000000000e12e3a0 is an unknown value
RSI=0x0000000000000000 is an unknown value
RDI=0x0000000000000001 is an unknown value
R8 =0x000000000000000f is an unknown value
R9 =0x0000000000000000 is an unknown value
R10=0x000000006e995db0 is an unknown value
R11=0x000000006e2f0000 is an unknown value
R12=0x000000000d6c0000 is an unknown value
R13=0x000000000e4b1230 is an unknown value
R14=0x00000000000091a0 is an unknown value
R15=0x0000000000000001 is an unknown value


Stack: [0x000000000d080000,0x000000000d180000],  sp=0x000000000d17c880,  free space=1010k
Native frames: (J=compiled Java code, j=interpreted, Vv=VM code, C=native code)
V  [jvm.dll+0x3f8c92]


Current CompileTask:
C2:    538   36   !         sun.misc.URLClassPath$JarLoader::getResource (91 bytes)


---------------  P R O C E S S  ---------------

Java Threads: ( => current thread )
  0x000000000bb85000 JavaThread "Service Thread" daemon [_thread_blocked, id=7656, stack(0x000000000d2e0000,0x000000000d3e0000)]
=>0x000000000bb7c800 JavaThread "C2 CompilerThread1" daemon [_thread_in_native, id=7260, stack(0x000000000d080000,0x000000000d180000)]
  0x000000000bb7a800 JavaThread "C2 CompilerThread0" daemon [_thread_blocked, id=5696, stack(0x000000000ce80000,0x000000000cf80000)]
  0x000000000bb79800 JavaThread "Attach Listener" daemon [_thread_blocked, id=5456, stack(0x000000000cd70000,0x000000000ce70000)]
  0x000000000bb72000 JavaThread "Signal Dispatcher" daemon [_thread_blocked, id=7004, stack(0x000000000cc20000,0x000000000cd20000)]
  0x0000000002707000 JavaThread "Finalizer" daemon [_thread_blocked, id=7568, stack(0x000000000ca90000,0x000000000cb90000)]
  0x00000000026ff000 JavaThread "Reference Handler" daemon [_thread_blocked, id=7836, stack(0x000000000c790000,0x000000000c890000)]
  0x000000000279e800 JavaThread "main" [_thread_in_vm, id=7580, stack(0x0000000002980000,0x0000000002a80000)]

Other Threads:
  0x000000000baf2800 VMThread [stack: 0x000000000c8c0000,0x000000000c9c0000] [id=8152]
  0x000000000bb8e000 WatcherThread [stack: 0x000000000d480000,0x000000000d580000] [id=3336]

VM state:not at safepoint (normal execution)

VM Mutex/Monitor currently owned by a thread: None

Heap
 PSYoungGen      total 36800K, used 15940K [0x00000007d6e00000, 0x00000007d9710000, 0x0000000800000000)
  eden space 31552K, 50% used [0x00000007d6e00000,0x00000007d7d91080,0x00000007d8cd0000)
  from space 5248K, 0% used [0x00000007d91f0000,0x00000007d91f0000,0x00000007d9710000)
  to   space 5248K, 0% used [0x00000007d8cd0000,0x00000007d8cd0000,0x00000007d91f0000)
 ParOldGen       total 84224K, used 0K [0x0000000784a00000, 0x0000000789c40000, 0x00000007d6e00000)
  object space 84224K, 0% used [0x0000000784a00000,0x0000000784a00000,0x0000000789c40000)
 PSPermGen       total 21248K, used 6132K [0x000000077f800000, 0x0000000780cc0000, 0x0000000784a00000)
  object space 21248K, 28% used [0x000000077f800000,0x000000077fdfd288,0x0000000780cc0000)

Card table byte_map: [0x0000000005a80000,0x0000000005e90000] byte_map_base: 0x0000000001e84000

Polling page: 0x0000000000320000

Code Cache  [0x0000000002a80000, 0x0000000002cf0000, 0x0000000005a80000)
 total_blobs=281 nmethods=49 adapters=184 free_code_cache=48629Kb largest_free_block=49770240

Compilation events (10 events):
Event: 0.463 Thread 0x000000000bb7a800   31  s!         sun.misc.URLClassPath::getLoader (154 bytes)
Event: 0.473 Thread 0x000000000bb7a800 nmethod 31 0x0000000002af9650 code [0x0000000002af9840, 0x0000000002afa7b0]
Event: 0.473 Thread 0x000000000bb7a800   32             sun.misc.URLClassPath::getResource (74 bytes)
Event: 0.490 Thread 0x000000000bb7c800   33             java.util.ArrayList::rangeCheck (22 bytes)
Event: 0.491 Thread 0x000000000bb7c800 nmethod 33 0x0000000002af7f10 code [0x0000000002af8040, 0x0000000002af80b8]
Event: 0.491 Thread 0x000000000bb7c800   34             java.util.ArrayList::elementData (7 bytes)
Event: 0.491 Thread 0x000000000bb7c800 nmethod 34 0x0000000002af7c90 code [0x0000000002af7dc0, 0x0000000002af7e58]
Event: 0.491 Thread 0x000000000bb7c800   35             java.util.ArrayList::get (11 bytes)
Event: 0.492 Thread 0x000000000bb7c800 nmethod 35 0x0000000002af7990 code [0x0000000002af7ac0, 0x0000000002af7b78]
Event: 0.492 Thread 0x000000000bb7c800   36   !         sun.misc.URLClassPath$JarLoader::getResource (91 bytes)

GC Heap History (0 events):
No events

Deoptimization events (1 events):
Event: 0.186 Thread 0x000000000279e800 Uncommon trap -83 fr.pc 0x0000000002ae3d3c

Internal exceptions (10 events):
Event: 0.514 Thread 0x000000000279e800 Threw 0x00000007d7ba1b80 at C:\jdk7u2_64p\jdk7u25\hotspot\src\share\vm\prims\jvm.cpp:1235
Event: 0.514 Thread 0x000000000279e800 Threw 0x00000007d7ba21f0 at C:\jdk7u2_64p\jdk7u25\hotspot\src\share\vm\prims\jvm.cpp:1235
Event: 0.514 Thread 0x000000000279e800 Threw 0x00000007d7bb15d0 at C:\jdk7u2_64p\jdk7u25\hotspot\src\share\vm\prims\jvm.cpp:1235
Event: 0.514 Thread 0x000000000279e800 Threw 0x00000007d7bb1c90 at C:\jdk7u2_64p\jdk7u25\hotspot\src\share\vm\prims\jvm.cpp:1235
Event: 0.515 Thread 0x000000000279e800 Threw 0x00000007d7bbb5f0 at C:\jdk7u2_64p\jdk7u25\hotspot\src\share\vm\prims\jvm.cpp:1235
Event: 0.515 Thread 0x000000000279e800 Threw 0x00000007d7bbbd00 at C:\jdk7u2_64p\jdk7u25\hotspot\src\share\vm\prims\jvm.cpp:1235
Event: 0.516 Thread 0x000000000279e800 Threw 0x00000007d7bc34b0 at C:\jdk7u2_64p\jdk7u25\hotspot\src\share\vm\prims\jvm.cpp:1235
Event: 0.516 Thread 0x000000000279e800 Threw 0x00000007d7bc3bc0 at C:\jdk7u2_64p\jdk7u25\hotspot\src\share\vm\prims\jvm.cpp:1235
Event: 0.517 Thread 0x000000000279e800 Threw 0x00000007d7bdd450 at C:\jdk7u2_64p\jdk7u25\hotspot\src\share\vm\prims\jvm.cpp:1235
Event: 0.517 Thread 0x000000000279e800 Threw 0x00000007d7bddb80 at C:\jdk7u2_64p\jdk7u25\hotspot\src\share\vm\prims\jvm.cpp:1235

Events (10 events):
Event: 0.514 loading class 0x000000000d95a740
Event: 0.514 loading class 0x000000000d95a740 done
Event: 0.514 loading class 0x000000000de5ba20
Event: 0.514 loading class 0x000000000de5ba20 done
Event: 0.515 loading class 0x000000000deb09e0
Event: 0.515 loading class 0x000000000deb09e0 done
Event: 0.516 loading class 0x000000000deb0a80
Event: 0.516 loading class 0x000000000deb0a80 done
Event: 0.517 loading class 0x000000000deb0ad0
Event: 0.517 loading class 0x000000000deb0ad0 done


Dynamic libraries:
0x000000013fee0000 - 0x000000013ff13000 	C:\Program Files\Java\jdk1.7.0_25\bin\javaw.exe
0x0000000077450000 - 0x00000000775f9000 	C:\WINDOWS\SYSTEM32\ntdll.dll
0x0000000076e40000 - 0x0000000076f5f000 	C:\WINDOWS\system32\kernel32.dll
0x000007fefda20000 - 0x000007fefda8b000 	C:\WINDOWS\system32\KERNELBASE.dll
0x000007fefdd00000 - 0x000007fefdddb000 	C:\WINDOWS\system32\ADVAPI32.dll
0x000007fefe430000 - 0x000007fefe4cf000 	C:\WINDOWS\system32\msvcrt.dll
0x000007fefe1a0000 - 0x000007fefe1bf000 	C:\WINDOWS\SYSTEM32\sechost.dll
0x000007fefdde0000 - 0x000007fefdf0d000 	C:\WINDOWS\system32\RPCRT4.dll
0x00000000772d0000 - 0x00000000773ca000 	C:\WINDOWS\system32\USER32.dll
0x000007fefe780000 - 0x000007fefe7e7000 	C:\WINDOWS\system32\GDI32.dll
0x000007fefe500000 - 0x000007fefe50e000 	C:\WINDOWS\system32\LPK.dll
0x000007fefdf20000 - 0x000007fefdfe9000 	C:\WINDOWS\system32\USP10.dll
0x000007fefcab0000 - 0x000007fefcca4000 	C:\WINDOWS\WinSxS\amd64_microsoft.windows.common-controls_6595b64144ccf1df_6.0.7601.17514_none_fa396087175ac9ac\COMCTL32.dll
0x000007fefe1c0000 - 0x000007fefe231000 	C:\WINDOWS\system32\SHLWAPI.dll
0x000007fefe4d0000 - 0x000007fefe4fe000 	C:\WINDOWS\system32\IMM32.DLL
0x000007fefe090000 - 0x000007fefe199000 	C:\WINDOWS\system32\MSCTF.dll
0x000007fefd8e0000 - 0x000007fefd924000 	C:\Windows\system32\nvinitx.dll
0x000000000f000000 - 0x000000000f006000 	C:\Program Files\NVIDIA Corporation\CoProcManager\_etoured.dll
0x000007fef9e10000 - 0x000007fef9e55000 	C:\Program Files\NVIDIA Corporation\CoProcManager\nvd3d9wrapx.dll
0x000007feff580000 - 0x000007feff757000 	C:\WINDOWS\system32\SETUPAPI.dll
0x000007fefda90000 - 0x000007fefdac6000 	C:\WINDOWS\system32\CFGMGR32.dll
0x000007fefe260000 - 0x000007fefe337000 	C:\WINDOWS\system32\OLEAUT32.dll
0x000007fefe570000 - 0x000007fefe773000 	C:\WINDOWS\system32\ole32.dll
0x000007fefdad0000 - 0x000007fefdaea000 	C:\WINDOWS\system32\DEVOBJ.dll
0x000007fef9dd0000 - 0x000007fef9e07000 	C:\Program Files\NVIDIA Corporation\CoProcManager\nvdxgiwrapx.dll
0x0000000050e40000 - 0x0000000050f11000 	C:\Program Files\Java\jdk1.7.0_25\jre\bin\msvcr100.dll
0x000000006e2f0000 - 0x000000006e9ff000 	C:\Program Files\Java\jdk1.7.0_25\jre\bin\server\jvm.dll
0x000007fef7960000 - 0x000007fef7969000 	C:\WINDOWS\system32\WSOCK32.dll
0x000007fefe340000 - 0x000007fefe38d000 	C:\WINDOWS\system32\WS2_32.dll
0x000007fefdf10000 - 0x000007fefdf18000 	C:\WINDOWS\system32\NSI.dll
0x000007fefb2a0000 - 0x000007fefb2db000 	C:\WINDOWS\system32\WINMM.dll
0x0000000077610000 - 0x0000000077617000 	C:\WINDOWS\system32\PSAPI.DLL
0x00000000725d0000 - 0x00000000725df000 	C:\Program Files\Java\jdk1.7.0_25\jre\bin\verify.dll
0x000000005ab10000 - 0x000000005ab38000 	C:\Program Files\Java\jdk1.7.0_25\jre\bin\java.dll
0x000000005aaf0000 - 0x000000005ab05000 	C:\Program Files\Java\jdk1.7.0_25\jre\bin\zip.dll
0x000000005aad0000 - 0x000000005aae9000 	C:\Program Files\Java\jdk1.7.0_25\jre\bin\net.dll
0x000007fefd150000 - 0x000007fefd1a5000 	C:\WINDOWS\system32\mswsock.dll
0x000007fefd140000 - 0x000007fefd147000 	C:\WINDOWS\System32\wship6.dll
0x000000005aab0000 - 0x000000005aac1000 	C:\Program Files\Java\jdk1.7.0_25\jre\bin\nio.dll
0x000007fef7e70000 - 0x000007fef7f95000 	C:\WINDOWS\system32\dbghelp.dll

VM Arguments:
jvm_args: -Dmaven.home=EMBEDDED -Dclassworlds.conf=C:\Users\anupamp\Documents\workspace-sts-3.5.0.M2\.metadata\.plugins\org.eclipse.m2e.launching\launches\m2conf127894492039456871.tmp -Dmaven.bootclasspath=/C:/Users/anupamp/Desktop/spring-tool-suite-3.5.0.M2-e3.8.2-win32-x86_64/sts-bundle/sts-3.5.0.M2/configuration/org.eclipse.osgi/bundles/562/1/.cp/jars/plexus-classworlds-2.4.jar -Dfile.encoding=Cp1252 
java_command: org.codehaus.plexus.classworlds.launcher.Launcher -B -U clean install
Launcher Type: SUN_STANDARD

Environment Variables:
JAVA_HOME=C:\Program Files\Java\jdk1.7.0_25
PATH=C:\Program Files\Common Files\Microsoft Shared\Microsoft Online Services;C:\Program Files (x86)\Common Files\Microsoft Shared\Microsoft Online Services;C:\PROGRAM FILES (X86)\INTEL\ICLS CLIENT\;C:\PROGRAM FILES\INTEL\ICLS CLIENT\;C:\WINDOWS\SYSTEM32;C:\WINDOWS;C:\WINDOWS\SYSTEM32\WBEM;C:\WINDOWS\SYSTEM32\WINDOWSPOWERSHELL\V1.0\;C:\PROGRAM FILES (X86)\QUALCOMM\PHMDB;C:\PROGRAM FILES\COMMON FILES\LENOVO;C:\PROGRAM FILES (X86)\LENOVO\ACCESS CONNECTIONS\;C:\PROGRAM FILES\INTEL\INTEL(R) MANAGEMENT ENGINE COMPONENTS\DAL;C:\PROGRAM FILES\INTEL\INTEL(R) MANAGEMENT ENGINE COMPONENTS\IPT;C:\PROGRAM FILES (X86)\INTEL\INTEL(R) MANAGEMENT ENGINE COMPONENTS\DAL;C:\PROGRAM FILES (X86)\INTEL\INTEL(R) MANAGEMENT ENGINE COMPONENTS\IPT;C:\Program Files\ThinkPad\Bluetooth Software\;C:\Program Files\ThinkPad\Bluetooth Software\syswow64;C:\Program Files (x86)\Microsoft Application Virtualization Client;C:\Program Files\Java\jdk1.7.0_25\bin;C:\apache-maven-3.1.0\bin;C:\Program Files (x86)\Heroku\bin;C:\Program Files (x86)\git\cmd;C:\Program Files (x86)\nodejs\;C:\Program Files (x86)\MySQL\MySQL Utilities 1.3.4\;C:\gradle-1.7\bin;C:\stackato-1.7.2-win32-ix86;C:\Users\anupamp\AppData\Roaming\npm
USERNAME=anupamp
OS=Windows_NT
PROCESSOR_IDENTIFIER=Intel64 Family 6 Model 58 Stepping 9, GenuineIntel



---------------  S Y S T E M  ---------------

OS: Windows 7 , 64 bit Build 7601 Service Pack 1

CPU:total 4 (2 cores per cpu, 2 threads per core) family 6 model 58 stepping 9, cmov, cx8, fxsr, mmx, sse, sse2, sse3, ssse3, sse4.1, sse4.2, popcnt, avx, ht, tsc, tscinvbit, tscinv

Memory: 4k page, physical 8078964k(5439312k free), swap 16156072k(12306164k free)

vm_info: Java HotSpot(TM) 64-Bit Server VM (23.25-b01) for windows-amd64 JRE (1.7.0_25-b17), built on Jun 21 2013 12:58:32 by "java_re" with unknown MS VC++:1600

time: Wed Mar 26 22:02:21 2014
elapsed time: 0 seconds

